c:\users\soongsae\desktop\teamgg\3g\server\teamggcommon\debug\teamggcommon.pch
c:\users\soongsae\desktop\teamgg\3g\server\teamggcommon\debug\teamggcommon.pdb
c:\users\soongsae\desktop\teamgg\3g\server\teamggcommon\debug\teamggcommon.idb
c:\users\soongsae\desktop\teamgg\3g\server\teamggcommon\debug\stdafx.obj
c:\users\soongsae\desktop\teamgg\3g\server\teamggcommon\debug\vars.obj
c:\users\soongsae\desktop\teamgg\3g\server\teamggcommon\c2c_common.cpp
c:\users\soongsae\desktop\teamgg\3g\server\teamggcommon\c2c_common.h
c:\users\soongsae\desktop\teamgg\3g\server\teamggcommon\c2c_proxy.cpp
c:\users\soongsae\desktop\teamgg\3g\server\teamggcommon\c2c_proxy.h
c:\users\soongsae\desktop\teamgg\3g\server\teamggcommon\c2c_stub.cpp
c:\users\soongsae\desktop\teamgg\3g\server\teamggcommon\c2c_stub.h
c:\users\soongsae\desktop\teamgg\3g\server\teamggcommon\c2c_common.cs
c:\users\soongsae\desktop\teamgg\3g\server\teamggcommon\c2c_proxy.cs
c:\users\soongsae\desktop\teamgg\3g\server\teamggcommon\c2c_stub.cs
c:\users\soongsae\desktop\teamgg\3g\server\teamggcommon\c2s_common.cpp
c:\users\soongsae\desktop\teamgg\3g\server\teamggcommon\c2s_common.h
c:\users\soongsae\desktop\teamgg\3g\server\teamggcommon\c2s_proxy.cpp
c:\users\soongsae\desktop\teamgg\3g\server\teamggcommon\c2s_proxy.h
c:\users\soongsae\desktop\teamgg\3g\server\teamggcommon\c2s_stub.cpp
c:\users\soongsae\desktop\teamgg\3g\server\teamggcommon\c2s_stub.h
c:\users\soongsae\desktop\teamgg\3g\server\teamggcommon\c2s_common.cs
c:\users\soongsae\desktop\teamgg\3g\server\teamggcommon\c2s_proxy.cs
c:\users\soongsae\desktop\teamgg\3g\server\teamggcommon\c2s_stub.cs
c:\users\soongsae\desktop\teamgg\3g\server\teamggcommon\s2c_common.cpp
c:\users\soongsae\desktop\teamgg\3g\server\teamggcommon\s2c_common.h
c:\users\soongsae\desktop\teamgg\3g\server\teamggcommon\s2c_proxy.cpp
c:\users\soongsae\desktop\teamgg\3g\server\teamggcommon\s2c_proxy.h
c:\users\soongsae\desktop\teamgg\3g\server\teamggcommon\s2c_stub.cpp
c:\users\soongsae\desktop\teamgg\3g\server\teamggcommon\s2c_stub.h
c:\users\soongsae\desktop\teamgg\3g\server\teamggcommon\s2c_common.cs
c:\users\soongsae\desktop\teamgg\3g\server\teamggcommon\s2c_proxy.cs
c:\users\soongsae\desktop\teamgg\3g\server\teamggcommon\s2c_stub.cs
c:\users\soongsae\desktop\teamgg\3g\server\teamggcommon\debug\teamggcommon.lib
c:\users\soongsae\desktop\teamgg\3g\server\teamggcommon\debug\teamggcommon.tlog\cl.command.1.tlog
c:\users\soongsae\desktop\teamgg\3g\server\teamggcommon\debug\teamggcommon.tlog\cl.read.1.tlog
c:\users\soongsae\desktop\teamgg\3g\server\teamggcommon\debug\teamggcommon.tlog\cl.write.1.tlog
c:\users\soongsae\desktop\teamgg\3g\server\teamggcommon\debug\teamggcommon.tlog\custombuild.command.1.tlog
c:\users\soongsae\desktop\teamgg\3g\server\teamggcommon\debug\teamggcommon.tlog\custombuild.read.1.tlog
c:\users\soongsae\desktop\teamgg\3g\server\teamggcommon\debug\teamggcommon.tlog\custombuild.write.1.tlog
c:\users\soongsae\desktop\teamgg\3g\server\teamggcommon\debug\teamggcommon.tlog\lib-link.read.1.tlog
c:\users\soongsae\desktop\teamgg\3g\server\teamggcommon\debug\teamggcommon.tlog\lib-link.write.1.tlog
c:\users\soongsae\desktop\teamgg\3g\server\teamggcommon\debug\teamggcommon.tlog\lib.command.1.tlog
