  User.cpp
  Packet.cpp
  ServerMain.cpp
  main.cpp
  코드를 생성하고 있습니다...
TeamGGCommon.lib(stdafx.obj) : warning LNK4099: 'TeamGGCommon.pdb' PDB를 'TeamGGCommon.lib(stdafx.obj)' 또는 'C:\Users\soongsae\Desktop\TeamGG\3G\Server\TeamGGServer\Debug\TeamGGCommon.pdb'에서 찾을 수 없습니다. 디버그 정보가 없는 것처럼 개체를 링크합니다.
TeamGGCommon.lib(Vars.obj) : warning LNK4099: 'TeamGGCommon.pdb' PDB를 'TeamGGCommon.lib(Vars.obj)' 또는 'C:\Users\soongsae\Desktop\TeamGG\3G\Server\TeamGGServer\Debug\TeamGGCommon.pdb'에서 찾을 수 없습니다. 디버그 정보가 없는 것처럼 개체를 링크합니다.
TeamGGCommon.lib(stdafxclient.obj) : warning LNK4099: 'ProudNetClient.pdb' PDB를 'TeamGGCommon.lib(stdafxclient.obj)' 또는 'C:\Users\soongsae\Desktop\TeamGG\3G\Server\TeamGGServer\Debug\ProudNetClient.pdb'에서 찾을 수 없습니다. 디버그 정보가 없는 것처럼 개체를 링크합니다.
TeamGGCommon.lib(zutil.obj) : warning LNK4099: 'ProudNetClient.pdb' PDB를 'TeamGGCommon.lib(zutil.obj)' 또는 'C:\Users\soongsae\Desktop\TeamGG\3G\Server\TeamGGServer\Debug\ProudNetClient.pdb'에서 찾을 수 없습니다. 디버그 정보가 없는 것처럼 개체를 링크합니다.
TeamGGCommon.lib(trees.obj) : warning LNK4099: 'ProudNetClient.pdb' PDB를 'TeamGGCommon.lib(trees.obj)' 또는 'C:\Users\soongsae\Desktop\TeamGG\3G\Server\TeamGGServer\Debug\ProudNetClient.pdb'에서 찾을 수 없습니다. 디버그 정보가 없는 것처럼 개체를 링크합니다.
TeamGGCommon.lib(inftrees.obj) : warning LNK4099: 'ProudNetClient.pdb' PDB를 'TeamGGCommon.lib(inftrees.obj)' 또는 'C:\Users\soongsae\Desktop\TeamGG\3G\Server\TeamGGServer\Debug\ProudNetClient.pdb'에서 찾을 수 없습니다. 디버그 정보가 없는 것처럼 개체를 링크합니다.
TeamGGCommon.lib(inflate.obj) : warning LNK4099: 'ProudNetClient.pdb' PDB를 'TeamGGCommon.lib(inflate.obj)' 또는 'C:\Users\soongsae\Desktop\TeamGG\3G\Server\TeamGGServer\Debug\ProudNetClient.pdb'에서 찾을 수 없습니다. 디버그 정보가 없는 것처럼 개체를 링크합니다.
TeamGGCommon.lib(inffast.obj) : warning LNK4099: 'ProudNetClient.pdb' PDB를 'TeamGGCommon.lib(inffast.obj)' 또는 'C:\Users\soongsae\Desktop\TeamGG\3G\Server\TeamGGServer\Debug\ProudNetClient.pdb'에서 찾을 수 없습니다. 디버그 정보가 없는 것처럼 개체를 링크합니다.
TeamGGCommon.lib(deflate.obj) : warning LNK4099: 'ProudNetClient.pdb' PDB를 'TeamGGCommon.lib(deflate.obj)' 또는 'C:\Users\soongsae\Desktop\TeamGG\3G\Server\TeamGGServer\Debug\ProudNetClient.pdb'에서 찾을 수 없습니다. 디버그 정보가 없는 것처럼 개체를 링크합니다.
TeamGGCommon.lib(crc32.obj) : warning LNK4099: 'ProudNetClient.pdb' PDB를 'TeamGGCommon.lib(crc32.obj)' 또는 'C:\Users\soongsae\Desktop\TeamGG\3G\Server\TeamGGServer\Debug\ProudNetClient.pdb'에서 찾을 수 없습니다. 디버그 정보가 없는 것처럼 개체를 링크합니다.
TeamGGCommon.lib(compress.obj) : warning LNK4099: 'ProudNetClient.pdb' PDB를 'TeamGGCommon.lib(compress.obj)' 또는 'C:\Users\soongsae\Desktop\TeamGG\3G\Server\TeamGGServer\Debug\ProudNetClient.pdb'에서 찾을 수 없습니다. 디버그 정보가 없는 것처럼 개체를 링크합니다.
TeamGGCommon.lib(adler32.obj) : warning LNK4099: 'ProudNetClient.pdb' PDB를 'TeamGGCommon.lib(adler32.obj)' 또는 'C:\Users\soongsae\Desktop\TeamGG\3G\Server\TeamGGServer\Debug\ProudNetClient.pdb'에서 찾을 수 없습니다. 디버그 정보가 없는 것처럼 개체를 링크합니다.
TeamGGCommon.lib(ClientUnityBuild015.obj) : warning LNK4099: 'ProudNetClient.pdb' PDB를 'TeamGGCommon.lib(ClientUnityBuild015.obj)' 또는 'C:\Users\soongsae\Desktop\TeamGG\3G\Server\TeamGGServer\Debug\ProudNetClient.pdb'에서 찾을 수 없습니다. 디버그 정보가 없는 것처럼 개체를 링크합니다.
TeamGGCommon.lib(ClientUnityBuild014.obj) : warning LNK4099: 'ProudNetClient.pdb' PDB를 'TeamGGCommon.lib(ClientUnityBuild014.obj)' 또는 'C:\Users\soongsae\Desktop\TeamGG\3G\Server\TeamGGServer\Debug\ProudNetClient.pdb'에서 찾을 수 없습니다. 디버그 정보가 없는 것처럼 개체를 링크합니다.
TeamGGCommon.lib(ClientUnityBuild013.obj) : warning LNK4099: 'ProudNetClient.pdb' PDB를 'TeamGGCommon.lib(ClientUnityBuild013.obj)' 또는 'C:\Users\soongsae\Desktop\TeamGG\3G\Server\TeamGGServer\Debug\ProudNetClient.pdb'에서 찾을 수 없습니다. 디버그 정보가 없는 것처럼 개체를 링크합니다.
TeamGGCommon.lib(ClientUnityBuild012.obj) : warning LNK4099: 'ProudNetClient.pdb' PDB를 'TeamGGCommon.lib(ClientUnityBuild012.obj)' 또는 'C:\Users\soongsae\Desktop\TeamGG\3G\Server\TeamGGServer\Debug\ProudNetClient.pdb'에서 찾을 수 없습니다. 디버그 정보가 없는 것처럼 개체를 링크합니다.
TeamGGCommon.lib(ClientUnityBuild011.obj) : warning LNK4099: 'ProudNetClient.pdb' PDB를 'TeamGGCommon.lib(ClientUnityBuild011.obj)' 또는 'C:\Users\soongsae\Desktop\TeamGG\3G\Server\TeamGGServer\Debug\ProudNetClient.pdb'에서 찾을 수 없습니다. 디버그 정보가 없는 것처럼 개체를 링크합니다.
TeamGGCommon.lib(ClientUnityBuild010.obj) : warning LNK4099: 'ProudNetClient.pdb' PDB를 'TeamGGCommon.lib(ClientUnityBuild010.obj)' 또는 'C:\Users\soongsae\Desktop\TeamGG\3G\Server\TeamGGServer\Debug\ProudNetClient.pdb'에서 찾을 수 없습니다. 디버그 정보가 없는 것처럼 개체를 링크합니다.
TeamGGCommon.lib(ClientUnityBuild009.obj) : warning LNK4099: 'ProudNetClient.pdb' PDB를 'TeamGGCommon.lib(ClientUnityBuild009.obj)' 또는 'C:\Users\soongsae\Desktop\TeamGG\3G\Server\TeamGGServer\Debug\ProudNetClient.pdb'에서 찾을 수 없습니다. 디버그 정보가 없는 것처럼 개체를 링크합니다.
TeamGGCommon.lib(ClientUnityBuild008.obj) : warning LNK4099: 'ProudNetClient.pdb' PDB를 'TeamGGCommon.lib(ClientUnityBuild008.obj)' 또는 'C:\Users\soongsae\Desktop\TeamGG\3G\Server\TeamGGServer\Debug\ProudNetClient.pdb'에서 찾을 수 없습니다. 디버그 정보가 없는 것처럼 개체를 링크합니다.
TeamGGCommon.lib(ClientUnityBuild007.obj) : warning LNK4099: 'ProudNetClient.pdb' PDB를 'TeamGGCommon.lib(ClientUnityBuild007.obj)' 또는 'C:\Users\soongsae\Desktop\TeamGG\3G\Server\TeamGGServer\Debug\ProudNetClient.pdb'에서 찾을 수 없습니다. 디버그 정보가 없는 것처럼 개체를 링크합니다.
TeamGGCommon.lib(ClientUnityBuild006.obj) : warning LNK4099: 'ProudNetClient.pdb' PDB를 'TeamGGCommon.lib(ClientUnityBuild006.obj)' 또는 'C:\Users\soongsae\Desktop\TeamGG\3G\Server\TeamGGServer\Debug\ProudNetClient.pdb'에서 찾을 수 없습니다. 디버그 정보가 없는 것처럼 개체를 링크합니다.
TeamGGCommon.lib(ClientUnityBuild005.obj) : warning LNK4099: 'ProudNetClient.pdb' PDB를 'TeamGGCommon.lib(ClientUnityBuild005.obj)' 또는 'C:\Users\soongsae\Desktop\TeamGG\3G\Server\TeamGGServer\Debug\ProudNetClient.pdb'에서 찾을 수 없습니다. 디버그 정보가 없는 것처럼 개체를 링크합니다.
TeamGGCommon.lib(ClientUnityBuild004.obj) : warning LNK4099: 'ProudNetClient.pdb' PDB를 'TeamGGCommon.lib(ClientUnityBuild004.obj)' 또는 'C:\Users\soongsae\Desktop\TeamGG\3G\Server\TeamGGServer\Debug\ProudNetClient.pdb'에서 찾을 수 없습니다. 디버그 정보가 없는 것처럼 개체를 링크합니다.
TeamGGCommon.lib(ClientUnityBuild003.obj) : warning LNK4099: 'ProudNetClient.pdb' PDB를 'TeamGGCommon.lib(ClientUnityBuild003.obj)' 또는 'C:\Users\soongsae\Desktop\TeamGG\3G\Server\TeamGGServer\Debug\ProudNetClient.pdb'에서 찾을 수 없습니다. 디버그 정보가 없는 것처럼 개체를 링크합니다.
TeamGGCommon.lib(ClientUnityBuild002.obj) : warning LNK4099: 'ProudNetClient.pdb' PDB를 'TeamGGCommon.lib(ClientUnityBuild002.obj)' 또는 'C:\Users\soongsae\Desktop\TeamGG\3G\Server\TeamGGServer\Debug\ProudNetClient.pdb'에서 찾을 수 없습니다. 디버그 정보가 없는 것처럼 개체를 링크합니다.
TeamGGCommon.lib(ClientUnityBuild001.obj) : warning LNK4099: 'ProudNetClient.pdb' PDB를 'TeamGGCommon.lib(ClientUnityBuild001.obj)' 또는 'C:\Users\soongsae\Desktop\TeamGG\3G\Server\TeamGGServer\Debug\ProudNetClient.pdb'에서 찾을 수 없습니다. 디버그 정보가 없는 것처럼 개체를 링크합니다.
TeamGGCommon.lib(bn_s_mp_sub.obj) : warning LNK4099: 'ProudNetClient.pdb' PDB를 'TeamGGCommon.lib(bn_s_mp_sub.obj)' 또는 'C:\Users\soongsae\Desktop\TeamGG\3G\Server\TeamGGServer\Debug\ProudNetClient.pdb'에서 찾을 수 없습니다. 디버그 정보가 없는 것처럼 개체를 링크합니다.
TeamGGCommon.lib(bn_s_mp_sqr.obj) : warning LNK4099: 'ProudNetClient.pdb' PDB를 'TeamGGCommon.lib(bn_s_mp_sqr.obj)' 또는 'C:\Users\soongsae\Desktop\TeamGG\3G\Server\TeamGGServer\Debug\ProudNetClient.pdb'에서 찾을 수 없습니다. 디버그 정보가 없는 것처럼 개체를 링크합니다.
TeamGGCommon.lib(bn_s_mp_mul_high_digs.obj) : warning LNK4099: 'ProudNetClient.pdb' PDB를 'TeamGGCommon.lib(bn_s_mp_mul_high_digs.obj)' 또는 'C:\Users\soongsae\Desktop\TeamGG\3G\Server\TeamGGServer\Debug\ProudNetClient.pdb'에서 찾을 수 없습니다. 디버그 정보가 없는 것처럼 개체를 링크합니다.
TeamGGCommon.lib(bn_s_mp_mul_digs.obj) : warning LNK4099: 'ProudNetClient.pdb' PDB를 'TeamGGCommon.lib(bn_s_mp_mul_digs.obj)' 또는 'C:\Users\soongsae\Desktop\TeamGG\3G\Server\TeamGGServer\Debug\ProudNetClient.pdb'에서 찾을 수 없습니다. 디버그 정보가 없는 것처럼 개체를 링크합니다.
TeamGGCommon.lib(bn_s_mp_exptmod.obj) : warning LNK4099: 'ProudNetClient.pdb' PDB를 'TeamGGCommon.lib(bn_s_mp_exptmod.obj)' 또는 'C:\Users\soongsae\Desktop\TeamGG\3G\Server\TeamGGServer\Debug\ProudNetClient.pdb'에서 찾을 수 없습니다. 디버그 정보가 없는 것처럼 개체를 링크합니다.
TeamGGCommon.lib(bn_s_mp_add.obj) : warning LNK4099: 'ProudNetClient.pdb' PDB를 'TeamGGCommon.lib(bn_s_mp_add.obj)' 또는 'C:\Users\soongsae\Desktop\TeamGG\3G\Server\TeamGGServer\Debug\ProudNetClient.pdb'에서 찾을 수 없습니다. 디버그 정보가 없는 것처럼 개체를 링크합니다.
TeamGGCommon.lib(bn_reverse.obj) : warning LNK4099: 'ProudNetClient.pdb' PDB를 'TeamGGCommon.lib(bn_reverse.obj)' 또는 'C:\Users\soongsae\Desktop\TeamGG\3G\Server\TeamGGServer\Debug\ProudNetClient.pdb'에서 찾을 수 없습니다. 디버그 정보가 없는 것처럼 개체를 링크합니다.
TeamGGCommon.lib(bn_prime_tab.obj) : warning LNK4099: 'ProudNetClient.pdb' PDB를 'TeamGGCommon.lib(bn_prime_tab.obj)' 또는 'C:\Users\soongsae\Desktop\TeamGG\3G\Server\TeamGGServer\Debug\ProudNetClient.pdb'에서 찾을 수 없습니다. 디버그 정보가 없는 것처럼 개체를 링크합니다.
TeamGGCommon.lib(bn_mp_zero.obj) : warning LNK4099: 'ProudNetClient.pdb' PDB를 'TeamGGCommon.lib(bn_mp_zero.obj)' 또는 'C:\Users\soongsae\Desktop\TeamGG\3G\Server\TeamGGServer\Debug\ProudNetClient.pdb'에서 찾을 수 없습니다. 디버그 정보가 없는 것처럼 개체를 링크합니다.
TeamGGCommon.lib(bn_mp_unsigned_bin_size.obj) : warning LNK4099: 'ProudNetClient.pdb' PDB를 'TeamGGCommon.lib(bn_mp_unsigned_bin_size.obj)' 또는 'C:\Users\soongsae\Desktop\TeamGG\3G\Server\TeamGGServer\Debug\ProudNetClient.pdb'에서 찾을 수 없습니다. 디버그 정보가 없는 것처럼 개체를 링크합니다.
TeamGGCommon.lib(bn_mp_to_unsigned_bin.obj) : warning LNK4099: 'ProudNetClient.pdb' PDB를 'TeamGGCommon.lib(bn_mp_to_unsigned_bin.obj)' 또는 'C:\Users\soongsae\Desktop\TeamGG\3G\Server\TeamGGServer\Debug\ProudNetClient.pdb'에서 찾을 수 없습니다. 디버그 정보가 없는 것처럼 개체를 링크합니다.
TeamGGCommon.lib(bn_mp_toradix.obj) : warning LNK4099: 'ProudNetClient.pdb' PDB를 'TeamGGCommon.lib(bn_mp_toradix.obj)' 또는 'C:\Users\soongsae\Desktop\TeamGG\3G\Server\TeamGGServer\Debug\ProudNetClient.pdb'에서 찾을 수 없습니다. 디버그 정보가 없는 것처럼 개체를 링크합니다.
TeamGGCommon.lib(bn_mp_toom_sqr.obj) : warning LNK4099: 'ProudNetClient.pdb' PDB를 'TeamGGCommon.lib(bn_mp_toom_sqr.obj)' 또는 'C:\Users\soongsae\Desktop\TeamGG\3G\Server\TeamGGServer\Debug\ProudNetClient.pdb'에서 찾을 수 없습니다. 디버그 정보가 없는 것처럼 개체를 링크합니다.
TeamGGCommon.lib(bn_mp_toom_mul.obj) : warning LNK4099: 'ProudNetClient.pdb' PDB를 'TeamGGCommon.lib(bn_mp_toom_mul.obj)' 또는 'C:\Users\soongsae\Desktop\TeamGG\3G\Server\TeamGGServer\Debug\ProudNetClient.pdb'에서 찾을 수 없습니다. 디버그 정보가 없는 것처럼 개체를 링크합니다.
TeamGGCommon.lib(bn_mp_sub_d.obj) : warning LNK4099: 'ProudNetClient.pdb' PDB를 'TeamGGCommon.lib(bn_mp_sub_d.obj)' 또는 'C:\Users\soongsae\Desktop\TeamGG\3G\Server\TeamGGServer\Debug\ProudNetClient.pdb'에서 찾을 수 없습니다. 디버그 정보가 없는 것처럼 개체를 링크합니다.
TeamGGCommon.lib(bn_mp_sub.obj) : warning LNK4099: 'ProudNetClient.pdb' PDB를 'TeamGGCommon.lib(bn_mp_sub.obj)' 또는 'C:\Users\soongsae\Desktop\TeamGG\3G\Server\TeamGGServer\Debug\ProudNetClient.pdb'에서 찾을 수 없습니다. 디버그 정보가 없는 것처럼 개체를 링크합니다.
TeamGGCommon.lib(bn_mp_sqrmod.obj) : warning LNK4099: 'ProudNetClient.pdb' PDB를 'TeamGGCommon.lib(bn_mp_sqrmod.obj)' 또는 'C:\Users\soongsae\Desktop\TeamGG\3G\Server\TeamGGServer\Debug\ProudNetClient.pdb'에서 찾을 수 없습니다. 디버그 정보가 없는 것처럼 개체를 링크합니다.
TeamGGCommon.lib(bn_mp_sqr.obj) : warning LNK4099: 'ProudNetClient.pdb' PDB를 'TeamGGCommon.lib(bn_mp_sqr.obj)' 또는 'C:\Users\soongsae\Desktop\TeamGG\3G\Server\TeamGGServer\Debug\ProudNetClient.pdb'에서 찾을 수 없습니다. 디버그 정보가 없는 것처럼 개체를 링크합니다.
TeamGGCommon.lib(bn_mp_set_int.obj) : warning LNK4099: 'ProudNetClient.pdb' PDB를 'TeamGGCommon.lib(bn_mp_set_int.obj)' 또는 'C:\Users\soongsae\Desktop\TeamGG\3G\Server\TeamGGServer\Debug\ProudNetClient.pdb'에서 찾을 수 없습니다. 디버그 정보가 없는 것처럼 개체를 링크합니다.
TeamGGCommon.lib(bn_mp_set.obj) : warning LNK4099: 'ProudNetClient.pdb' PDB를 'TeamGGCommon.lib(bn_mp_set.obj)' 또는 'C:\Users\soongsae\Desktop\TeamGG\3G\Server\TeamGGServer\Debug\ProudNetClient.pdb'에서 찾을 수 없습니다. 디버그 정보가 없는 것처럼 개체를 링크합니다.
TeamGGCommon.lib(bn_mp_rshd.obj) : warning LNK4099: 'ProudNetClient.pdb' PDB를 'TeamGGCommon.lib(bn_mp_rshd.obj)' 또는 'C:\Users\soongsae\Desktop\TeamGG\3G\Server\TeamGGServer\Debug\ProudNetClient.pdb'에서 찾을 수 없습니다. 디버그 정보가 없는 것처럼 개체를 링크합니다.
TeamGGCommon.lib(bn_mp_reduce_setup.obj) : warning LNK4099: 'ProudNetClient.pdb' PDB를 'TeamGGCommon.lib(bn_mp_reduce_setup.obj)' 또는 'C:\Users\soongsae\Desktop\TeamGG\3G\Server\TeamGGServer\Debug\ProudNetClient.pdb'에서 찾을 수 없습니다. 디버그 정보가 없는 것처럼 개체를 링크합니다.
TeamGGCommon.lib(bn_mp_reduce_is_2k_l.obj) : warning LNK4099: 'ProudNetClient.pdb' PDB를 'TeamGGCommon.lib(bn_mp_reduce_is_2k_l.obj)' 또는 'C:\Users\soongsae\Desktop\TeamGG\3G\Server\TeamGGServer\Debug\ProudNetClient.pdb'에서 찾을 수 없습니다. 디버그 정보가 없는 것처럼 개체를 링크합니다.
TeamGGCommon.lib(bn_mp_reduce_is_2k.obj) : warning LNK4099: 'ProudNetClient.pdb' PDB를 'TeamGGCommon.lib(bn_mp_reduce_is_2k.obj)' 또는 'C:\Users\soongsae\Desktop\TeamGG\3G\Server\TeamGGServer\Debug\ProudNetClient.pdb'에서 찾을 수 없습니다. 디버그 정보가 없는 것처럼 개체를 링크합니다.
TeamGGCommon.lib(bn_mp_reduce_2k_setup_l.obj) : warning LNK4099: 'ProudNetClient.pdb' PDB를 'TeamGGCommon.lib(bn_mp_reduce_2k_setup_l.obj)' 또는 'C:\Users\soongsae\Desktop\TeamGG\3G\Server\TeamGGServer\Debug\ProudNetClient.pdb'에서 찾을 수 없습니다. 디버그 정보가 없는 것처럼 개체를 링크합니다.
TeamGGCommon.lib(bn_mp_reduce_2k_setup.obj) : warning LNK4099: 'ProudNetClient.pdb' PDB를 'TeamGGCommon.lib(bn_mp_reduce_2k_setup.obj)' 또는 'C:\Users\soongsae\Desktop\TeamGG\3G\Server\TeamGGServer\Debug\ProudNetClient.pdb'에서 찾을 수 없습니다. 디버그 정보가 없는 것처럼 개체를 링크합니다.
TeamGGCommon.lib(bn_mp_reduce_2k_l.obj) : warning LNK4099: 'ProudNetClient.pdb' PDB를 'TeamGGCommon.lib(bn_mp_reduce_2k_l.obj)' 또는 'C:\Users\soongsae\Desktop\TeamGG\3G\Server\TeamGGServer\Debug\ProudNetClient.pdb'에서 찾을 수 없습니다. 디버그 정보가 없는 것처럼 개체를 링크합니다.
TeamGGCommon.lib(bn_mp_reduce_2k.obj) : warning LNK4099: 'ProudNetClient.pdb' PDB를 'TeamGGCommon.lib(bn_mp_reduce_2k.obj)' 또는 'C:\Users\soongsae\Desktop\TeamGG\3G\Server\TeamGGServer\Debug\ProudNetClient.pdb'에서 찾을 수 없습니다. 디버그 정보가 없는 것처럼 개체를 링크합니다.
TeamGGCommon.lib(bn_mp_reduce.obj) : warning LNK4099: 'ProudNetClient.pdb' PDB를 'TeamGGCommon.lib(bn_mp_reduce.obj)' 또는 'C:\Users\soongsae\Desktop\TeamGG\3G\Server\TeamGGServer\Debug\ProudNetClient.pdb'에서 찾을 수 없습니다. 디버그 정보가 없는 것처럼 개체를 링크합니다.
TeamGGCommon.lib(bn_mp_read_unsigned_bin.obj) : warning LNK4099: 'ProudNetClient.pdb' PDB를 'TeamGGCommon.lib(bn_mp_read_unsigned_bin.obj)' 또는 'C:\Users\soongsae\Desktop\TeamGG\3G\Server\TeamGGServer\Debug\ProudNetClient.pdb'에서 찾을 수 없습니다. 디버그 정보가 없는 것처럼 개체를 링크합니다.
TeamGGCommon.lib(bn_mp_read_radix.obj) : warning LNK4099: 'ProudNetClient.pdb' PDB를 'TeamGGCommon.lib(bn_mp_read_radix.obj)' 또는 'C:\Users\soongsae\Desktop\TeamGG\3G\Server\TeamGGServer\Debug\ProudNetClient.pdb'에서 찾을 수 없습니다. 디버그 정보가 없는 것처럼 개체를 링크합니다.
TeamGGCommon.lib(bn_mp_radix_smap.obj) : warning LNK4099: 'ProudNetClient.pdb' PDB를 'TeamGGCommon.lib(bn_mp_radix_smap.obj)' 또는 'C:\Users\soongsae\Desktop\TeamGG\3G\Server\TeamGGServer\Debug\ProudNetClient.pdb'에서 찾을 수 없습니다. 디버그 정보가 없는 것처럼 개체를 링크합니다.
TeamGGCommon.lib(bn_mp_prime_miller_rabin.obj) : warning LNK4099: 'ProudNetClient.pdb' PDB를 'TeamGGCommon.lib(bn_mp_prime_miller_rabin.obj)' 또는 'C:\Users\soongsae\Desktop\TeamGG\3G\Server\TeamGGServer\Debug\ProudNetClient.pdb'에서 찾을 수 없습니다. 디버그 정보가 없는 것처럼 개체를 링크합니다.
TeamGGCommon.lib(bn_mp_prime_is_prime.obj) : warning LNK4099: 'ProudNetClient.pdb' PDB를 'TeamGGCommon.lib(bn_mp_prime_is_prime.obj)' 또는 'C:\Users\soongsae\Desktop\TeamGG\3G\Server\TeamGGServer\Debug\ProudNetClient.pdb'에서 찾을 수 없습니다. 디버그 정보가 없는 것처럼 개체를 링크합니다.
TeamGGCommon.lib(bn_mp_prime_is_divisible.obj) : warning LNK4099: 'ProudNetClient.pdb' PDB를 'TeamGGCommon.lib(bn_mp_prime_is_divisible.obj)' 또는 'C:\Users\soongsae\Desktop\TeamGG\3G\Server\TeamGGServer\Debug\ProudNetClient.pdb'에서 찾을 수 없습니다. 디버그 정보가 없는 것처럼 개체를 링크합니다.
TeamGGCommon.lib(bn_mp_neg.obj) : warning LNK4099: 'ProudNetClient.pdb' PDB를 'TeamGGCommon.lib(bn_mp_neg.obj)' 또는 'C:\Users\soongsae\Desktop\TeamGG\3G\Server\TeamGGServer\Debug\ProudNetClient.pdb'에서 찾을 수 없습니다. 디버그 정보가 없는 것처럼 개체를 링크합니다.
TeamGGCommon.lib(bn_mp_mul_d.obj) : warning LNK4099: 'ProudNetClient.pdb' PDB를 'TeamGGCommon.lib(bn_mp_mul_d.obj)' 또는 'C:\Users\soongsae\Desktop\TeamGG\3G\Server\TeamGGServer\Debug\ProudNetClient.pdb'에서 찾을 수 없습니다. 디버그 정보가 없는 것처럼 개체를 링크합니다.
TeamGGCommon.lib(bn_mp_mul_2d.obj) : warning LNK4099: 'ProudNetClient.pdb' PDB를 'TeamGGCommon.lib(bn_mp_mul_2d.obj)' 또는 'C:\Users\soongsae\Desktop\TeamGG\3G\Server\TeamGGServer\Debug\ProudNetClient.pdb'에서 찾을 수 없습니다. 디버그 정보가 없는 것처럼 개체를 링크합니다.
TeamGGCommon.lib(bn_mp_mul_2.obj) : warning LNK4099: 'ProudNetClient.pdb' PDB를 'TeamGGCommon.lib(bn_mp_mul_2.obj)' 또는 'C:\Users\soongsae\Desktop\TeamGG\3G\Server\TeamGGServer\Debug\ProudNetClient.pdb'에서 찾을 수 없습니다. 디버그 정보가 없는 것처럼 개체를 링크합니다.
TeamGGCommon.lib(bn_mp_mulmod.obj) : warning LNK4099: 'ProudNetClient.pdb' PDB를 'TeamGGCommon.lib(bn_mp_mulmod.obj)' 또는 'C:\Users\soongsae\Desktop\TeamGG\3G\Server\TeamGGServer\Debug\ProudNetClient.pdb'에서 찾을 수 없습니다. 디버그 정보가 없는 것처럼 개체를 링크합니다.
TeamGGCommon.lib(bn_mp_mul.obj) : warning LNK4099: 'ProudNetClient.pdb' PDB를 'TeamGGCommon.lib(bn_mp_mul.obj)' 또는 'C:\Users\soongsae\Desktop\TeamGG\3G\Server\TeamGGServer\Debug\ProudNetClient.pdb'에서 찾을 수 없습니다. 디버그 정보가 없는 것처럼 개체를 링크합니다.
TeamGGCommon.lib(bn_mp_montgomery_setup.obj) : warning LNK4099: 'ProudNetClient.pdb' PDB를 'TeamGGCommon.lib(bn_mp_montgomery_setup.obj)' 또는 'C:\Users\soongsae\Desktop\TeamGG\3G\Server\TeamGGServer\Debug\ProudNetClient.pdb'에서 찾을 수 없습니다. 디버그 정보가 없는 것처럼 개체를 링크합니다.
TeamGGCommon.lib(bn_mp_montgomery_reduce.obj) : warning LNK4099: 'ProudNetClient.pdb' PDB를 'TeamGGCommon.lib(bn_mp_montgomery_reduce.obj)' 또는 'C:\Users\soongsae\Desktop\TeamGG\3G\Server\TeamGGServer\Debug\ProudNetClient.pdb'에서 찾을 수 없습니다. 디버그 정보가 없는 것처럼 개체를 링크합니다.
TeamGGCommon.lib(bn_mp_montgomery_calc_normalization.obj) : warning LNK4099: 'ProudNetClient.pdb' PDB를 'TeamGGCommon.lib(bn_mp_montgomery_calc_normalization.obj)' 또는 'C:\Users\soongsae\Desktop\TeamGG\3G\Server\TeamGGServer\Debug\ProudNetClient.pdb'에서 찾을 수 없습니다. 디버그 정보가 없는 것처럼 개체를 링크합니다.
TeamGGCommon.lib(bn_mp_mod_d.obj) : warning LNK4099: 'ProudNetClient.pdb' PDB를 'TeamGGCommon.lib(bn_mp_mod_d.obj)' 또는 'C:\Users\soongsae\Desktop\TeamGG\3G\Server\TeamGGServer\Debug\ProudNetClient.pdb'에서 찾을 수 없습니다. 디버그 정보가 없는 것처럼 개체를 링크합니다.
TeamGGCommon.lib(bn_mp_mod_2d.obj) : warning LNK4099: 'ProudNetClient.pdb' PDB를 'TeamGGCommon.lib(bn_mp_mod_2d.obj)' 또는 'C:\Users\soongsae\Desktop\TeamGG\3G\Server\TeamGGServer\Debug\ProudNetClient.pdb'에서 찾을 수 없습니다. 디버그 정보가 없는 것처럼 개체를 링크합니다.
TeamGGCommon.lib(bn_mp_mod.obj) : warning LNK4099: 'ProudNetClient.pdb' PDB를 'TeamGGCommon.lib(bn_mp_mod.obj)' 또는 'C:\Users\soongsae\Desktop\TeamGG\3G\Server\TeamGGServer\Debug\ProudNetClient.pdb'에서 찾을 수 없습니다. 디버그 정보가 없는 것처럼 개체를 링크합니다.
TeamGGCommon.lib(bn_mp_lshd.obj) : warning LNK4099: 'ProudNetClient.pdb' PDB를 'TeamGGCommon.lib(bn_mp_lshd.obj)' 또는 'C:\Users\soongsae\Desktop\TeamGG\3G\Server\TeamGGServer\Debug\ProudNetClient.pdb'에서 찾을 수 없습니다. 디버그 정보가 없는 것처럼 개체를 링크합니다.
TeamGGCommon.lib(bn_mp_lcm.obj) : warning LNK4099: 'ProudNetClient.pdb' PDB를 'TeamGGCommon.lib(bn_mp_lcm.obj)' 또는 'C:\Users\soongsae\Desktop\TeamGG\3G\Server\TeamGGServer\Debug\ProudNetClient.pdb'에서 찾을 수 없습니다. 디버그 정보가 없는 것처럼 개체를 링크합니다.
TeamGGCommon.lib(bn_mp_karatsuba_sqr.obj) : warning LNK4099: 'ProudNetClient.pdb' PDB를 'TeamGGCommon.lib(bn_mp_karatsuba_sqr.obj)' 또는 'C:\Users\soongsae\Desktop\TeamGG\3G\Server\TeamGGServer\Debug\ProudNetClient.pdb'에서 찾을 수 없습니다. 디버그 정보가 없는 것처럼 개체를 링크합니다.
TeamGGCommon.lib(bn_mp_karatsuba_mul.obj) : warning LNK4099: 'ProudNetClient.pdb' PDB를 'TeamGGCommon.lib(bn_mp_karatsuba_mul.obj)' 또는 'C:\Users\soongsae\Desktop\TeamGG\3G\Server\TeamGGServer\Debug\ProudNetClient.pdb'에서 찾을 수 없습니다. 디버그 정보가 없는 것처럼 개체를 링크합니다.
TeamGGCommon.lib(bn_mp_invmod_slow.obj) : warning LNK4099: 'ProudNetClient.pdb' PDB를 'TeamGGCommon.lib(bn_mp_invmod_slow.obj)' 또는 'C:\Users\soongsae\Desktop\TeamGG\3G\Server\TeamGGServer\Debug\ProudNetClient.pdb'에서 찾을 수 없습니다. 디버그 정보가 없는 것처럼 개체를 링크합니다.
TeamGGCommon.lib(bn_mp_invmod.obj) : warning LNK4099: 'ProudNetClient.pdb' PDB를 'TeamGGCommon.lib(bn_mp_invmod.obj)' 또는 'C:\Users\soongsae\Desktop\TeamGG\3G\Server\TeamGGServer\Debug\ProudNetClient.pdb'에서 찾을 수 없습니다. 디버그 정보가 없는 것처럼 개체를 링크합니다.
TeamGGCommon.lib(bn_mp_init_size.obj) : warning LNK4099: 'ProudNetClient.pdb' PDB를 'TeamGGCommon.lib(bn_mp_init_size.obj)' 또는 'C:\Users\soongsae\Desktop\TeamGG\3G\Server\TeamGGServer\Debug\ProudNetClient.pdb'에서 찾을 수 없습니다. 디버그 정보가 없는 것처럼 개체를 링크합니다.
TeamGGCommon.lib(bn_mp_init_multi.obj) : warning LNK4099: 'ProudNetClient.pdb' PDB를 'TeamGGCommon.lib(bn_mp_init_multi.obj)' 또는 'C:\Users\soongsae\Desktop\TeamGG\3G\Server\TeamGGServer\Debug\ProudNetClient.pdb'에서 찾을 수 없습니다. 디버그 정보가 없는 것처럼 개체를 링크합니다.
TeamGGCommon.lib(bn_mp_init_copy.obj) : warning LNK4099: 'ProudNetClient.pdb' PDB를 'TeamGGCommon.lib(bn_mp_init_copy.obj)' 또는 'C:\Users\soongsae\Desktop\TeamGG\3G\Server\TeamGGServer\Debug\ProudNetClient.pdb'에서 찾을 수 없습니다. 디버그 정보가 없는 것처럼 개체를 링크합니다.
TeamGGCommon.lib(bn_mp_init.obj) : warning LNK4099: 'ProudNetClient.pdb' PDB를 'TeamGGCommon.lib(bn_mp_init.obj)' 또는 'C:\Users\soongsae\Desktop\TeamGG\3G\Server\TeamGGServer\Debug\ProudNetClient.pdb'에서 찾을 수 없습니다. 디버그 정보가 없는 것처럼 개체를 링크합니다.
TeamGGCommon.lib(bn_mp_grow.obj) : warning LNK4099: 'ProudNetClient.pdb' PDB를 'TeamGGCommon.lib(bn_mp_grow.obj)' 또는 'C:\Users\soongsae\Desktop\TeamGG\3G\Server\TeamGGServer\Debug\ProudNetClient.pdb'에서 찾을 수 없습니다. 디버그 정보가 없는 것처럼 개체를 링크합니다.
TeamGGCommon.lib(bn_mp_get_int.obj) : warning LNK4099: 'ProudNetClient.pdb' PDB를 'TeamGGCommon.lib(bn_mp_get_int.obj)' 또는 'C:\Users\soongsae\Desktop\TeamGG\3G\Server\TeamGGServer\Debug\ProudNetClient.pdb'에서 찾을 수 없습니다. 디버그 정보가 없는 것처럼 개체를 링크합니다.
TeamGGCommon.lib(bn_mp_gcd.obj) : warning LNK4099: 'ProudNetClient.pdb' PDB를 'TeamGGCommon.lib(bn_mp_gcd.obj)' 또는 'C:\Users\soongsae\Desktop\TeamGG\3G\Server\TeamGGServer\Debug\ProudNetClient.pdb'에서 찾을 수 없습니다. 디버그 정보가 없는 것처럼 개체를 링크합니다.
TeamGGCommon.lib(bn_mp_exptmod_fast.obj) : warning LNK4099: 'ProudNetClient.pdb' PDB를 'TeamGGCommon.lib(bn_mp_exptmod_fast.obj)' 또는 'C:\Users\soongsae\Desktop\TeamGG\3G\Server\TeamGGServer\Debug\ProudNetClient.pdb'에서 찾을 수 없습니다. 디버그 정보가 없는 것처럼 개체를 링크합니다.
TeamGGCommon.lib(bn_mp_exptmod.obj) : warning LNK4099: 'ProudNetClient.pdb' PDB를 'TeamGGCommon.lib(bn_mp_exptmod.obj)' 또는 'C:\Users\soongsae\Desktop\TeamGG\3G\Server\TeamGGServer\Debug\ProudNetClient.pdb'에서 찾을 수 없습니다. 디버그 정보가 없는 것처럼 개체를 링크합니다.
TeamGGCommon.lib(bn_mp_exch.obj) : warning LNK4099: 'ProudNetClient.pdb' PDB를 'TeamGGCommon.lib(bn_mp_exch.obj)' 또는 'C:\Users\soongsae\Desktop\TeamGG\3G\Server\TeamGGServer\Debug\ProudNetClient.pdb'에서 찾을 수 없습니다. 디버그 정보가 없는 것처럼 개체를 링크합니다.
TeamGGCommon.lib(bn_mp_dr_setup.obj) : warning LNK4099: 'ProudNetClient.pdb' PDB를 'TeamGGCommon.lib(bn_mp_dr_setup.obj)' 또는 'C:\Users\soongsae\Desktop\TeamGG\3G\Server\TeamGGServer\Debug\ProudNetClient.pdb'에서 찾을 수 없습니다. 디버그 정보가 없는 것처럼 개체를 링크합니다.
TeamGGCommon.lib(bn_mp_dr_reduce.obj) : warning LNK4099: 'ProudNetClient.pdb' PDB를 'TeamGGCommon.lib(bn_mp_dr_reduce.obj)' 또는 'C:\Users\soongsae\Desktop\TeamGG\3G\Server\TeamGGServer\Debug\ProudNetClient.pdb'에서 찾을 수 없습니다. 디버그 정보가 없는 것처럼 개체를 링크합니다.
TeamGGCommon.lib(bn_mp_dr_is_modulus.obj) : warning LNK4099: 'ProudNetClient.pdb' PDB를 'TeamGGCommon.lib(bn_mp_dr_is_modulus.obj)' 또는 'C:\Users\soongsae\Desktop\TeamGG\3G\Server\TeamGGServer\Debug\ProudNetClient.pdb'에서 찾을 수 없습니다. 디버그 정보가 없는 것처럼 개체를 링크합니다.
TeamGGCommon.lib(bn_mp_div_d.obj) : warning LNK4099: 'ProudNetClient.pdb' PDB를 'TeamGGCommon.lib(bn_mp_div_d.obj)' 또는 'C:\Users\soongsae\Desktop\TeamGG\3G\Server\TeamGGServer\Debug\ProudNetClient.pdb'에서 찾을 수 없습니다. 디버그 정보가 없는 것처럼 개체를 링크합니다.
TeamGGCommon.lib(bn_mp_div_3.obj) : warning LNK4099: 'ProudNetClient.pdb' PDB를 'TeamGGCommon.lib(bn_mp_div_3.obj)' 또는 'C:\Users\soongsae\Desktop\TeamGG\3G\Server\TeamGGServer\Debug\ProudNetClient.pdb'에서 찾을 수 없습니다. 디버그 정보가 없는 것처럼 개체를 링크합니다.
TeamGGCommon.lib(bn_mp_div_2d.obj) : warning LNK4099: 'ProudNetClient.pdb' PDB를 'TeamGGCommon.lib(bn_mp_div_2d.obj)' 또는 'C:\Users\soongsae\Desktop\TeamGG\3G\Server\TeamGGServer\Debug\ProudNetClient.pdb'에서 찾을 수 없습니다. 디버그 정보가 없는 것처럼 개체를 링크합니다.
TeamGGCommon.lib(bn_mp_div_2.obj) : warning LNK4099: 'ProudNetClient.pdb' PDB를 'TeamGGCommon.lib(bn_mp_div_2.obj)' 또는 'C:\Users\soongsae\Desktop\TeamGG\3G\Server\TeamGGServer\Debug\ProudNetClient.pdb'에서 찾을 수 없습니다. 디버그 정보가 없는 것처럼 개체를 링크합니다.
TeamGGCommon.lib(bn_mp_div.obj) : warning LNK4099: 'ProudNetClient.pdb' PDB를 'TeamGGCommon.lib(bn_mp_div.obj)' 또는 'C:\Users\soongsae\Desktop\TeamGG\3G\Server\TeamGGServer\Debug\ProudNetClient.pdb'에서 찾을 수 없습니다. 디버그 정보가 없는 것처럼 개체를 링크합니다.
TeamGGCommon.lib(bn_mp_count_bits.obj) : warning LNK4099: 'ProudNetClient.pdb' PDB를 'TeamGGCommon.lib(bn_mp_count_bits.obj)' 또는 'C:\Users\soongsae\Desktop\TeamGG\3G\Server\TeamGGServer\Debug\ProudNetClient.pdb'에서 찾을 수 없습니다. 디버그 정보가 없는 것처럼 개체를 링크합니다.
TeamGGCommon.lib(bn_mp_copy.obj) : warning LNK4099: 'ProudNetClient.pdb' PDB를 'TeamGGCommon.lib(bn_mp_copy.obj)' 또는 'C:\Users\soongsae\Desktop\TeamGG\3G\Server\TeamGGServer\Debug\ProudNetClient.pdb'에서 찾을 수 없습니다. 디버그 정보가 없는 것처럼 개체를 링크합니다.
TeamGGCommon.lib(bn_mp_cnt_lsb.obj) : warning LNK4099: 'ProudNetClient.pdb' PDB를 'TeamGGCommon.lib(bn_mp_cnt_lsb.obj)' 또는 'C:\Users\soongsae\Desktop\TeamGG\3G\Server\TeamGGServer\Debug\ProudNetClient.pdb'에서 찾을 수 없습니다. 디버그 정보가 없는 것처럼 개체를 링크합니다.
TeamGGCommon.lib(bn_mp_cmp_mag.obj) : warning LNK4099: 'ProudNetClient.pdb' PDB를 'TeamGGCommon.lib(bn_mp_cmp_mag.obj)' 또는 'C:\Users\soongsae\Desktop\TeamGG\3G\Server\TeamGGServer\Debug\ProudNetClient.pdb'에서 찾을 수 없습니다. 디버그 정보가 없는 것처럼 개체를 링크합니다.
TeamGGCommon.lib(bn_mp_cmp_d.obj) : warning LNK4099: 'ProudNetClient.pdb' PDB를 'TeamGGCommon.lib(bn_mp_cmp_d.obj)' 또는 'C:\Users\soongsae\Desktop\TeamGG\3G\Server\TeamGGServer\Debug\ProudNetClient.pdb'에서 찾을 수 없습니다. 디버그 정보가 없는 것처럼 개체를 링크합니다.
TeamGGCommon.lib(bn_mp_cmp.obj) : warning LNK4099: 'ProudNetClient.pdb' PDB를 'TeamGGCommon.lib(bn_mp_cmp.obj)' 또는 'C:\Users\soongsae\Desktop\TeamGG\3G\Server\TeamGGServer\Debug\ProudNetClient.pdb'에서 찾을 수 없습니다. 디버그 정보가 없는 것처럼 개체를 링크합니다.
TeamGGCommon.lib(bn_mp_clear_multi.obj) : warning LNK4099: 'ProudNetClient.pdb' PDB를 'TeamGGCommon.lib(bn_mp_clear_multi.obj)' 또는 'C:\Users\soongsae\Desktop\TeamGG\3G\Server\TeamGGServer\Debug\ProudNetClient.pdb'에서 찾을 수 없습니다. 디버그 정보가 없는 것처럼 개체를 링크합니다.
TeamGGCommon.lib(bn_mp_clear.obj) : warning LNK4099: 'ProudNetClient.pdb' PDB를 'TeamGGCommon.lib(bn_mp_clear.obj)' 또는 'C:\Users\soongsae\Desktop\TeamGG\3G\Server\TeamGGServer\Debug\ProudNetClient.pdb'에서 찾을 수 없습니다. 디버그 정보가 없는 것처럼 개체를 링크합니다.
TeamGGCommon.lib(bn_mp_clamp.obj) : warning LNK4099: 'ProudNetClient.pdb' PDB를 'TeamGGCommon.lib(bn_mp_clamp.obj)' 또는 'C:\Users\soongsae\Desktop\TeamGG\3G\Server\TeamGGServer\Debug\ProudNetClient.pdb'에서 찾을 수 없습니다. 디버그 정보가 없는 것처럼 개체를 링크합니다.
TeamGGCommon.lib(bn_mp_add_d.obj) : warning LNK4099: 'ProudNetClient.pdb' PDB를 'TeamGGCommon.lib(bn_mp_add_d.obj)' 또는 'C:\Users\soongsae\Desktop\TeamGG\3G\Server\TeamGGServer\Debug\ProudNetClient.pdb'에서 찾을 수 없습니다. 디버그 정보가 없는 것처럼 개체를 링크합니다.
TeamGGCommon.lib(bn_mp_add.obj) : warning LNK4099: 'ProudNetClient.pdb' PDB를 'TeamGGCommon.lib(bn_mp_add.obj)' 또는 'C:\Users\soongsae\Desktop\TeamGG\3G\Server\TeamGGServer\Debug\ProudNetClient.pdb'에서 찾을 수 없습니다. 디버그 정보가 없는 것처럼 개체를 링크합니다.
TeamGGCommon.lib(bn_mp_abs.obj) : warning LNK4099: 'ProudNetClient.pdb' PDB를 'TeamGGCommon.lib(bn_mp_abs.obj)' 또는 'C:\Users\soongsae\Desktop\TeamGG\3G\Server\TeamGGServer\Debug\ProudNetClient.pdb'에서 찾을 수 없습니다. 디버그 정보가 없는 것처럼 개체를 링크합니다.
TeamGGCommon.lib(bn_mp_2expt.obj) : warning LNK4099: 'ProudNetClient.pdb' PDB를 'TeamGGCommon.lib(bn_mp_2expt.obj)' 또는 'C:\Users\soongsae\Desktop\TeamGG\3G\Server\TeamGGServer\Debug\ProudNetClient.pdb'에서 찾을 수 없습니다. 디버그 정보가 없는 것처럼 개체를 링크합니다.
TeamGGCommon.lib(bn_fast_s_mp_sqr.obj) : warning LNK4099: 'ProudNetClient.pdb' PDB를 'TeamGGCommon.lib(bn_fast_s_mp_sqr.obj)' 또는 'C:\Users\soongsae\Desktop\TeamGG\3G\Server\TeamGGServer\Debug\ProudNetClient.pdb'에서 찾을 수 없습니다. 디버그 정보가 없는 것처럼 개체를 링크합니다.
TeamGGCommon.lib(bn_fast_s_mp_mul_high_digs.obj) : warning LNK4099: 'ProudNetClient.pdb' PDB를 'TeamGGCommon.lib(bn_fast_s_mp_mul_high_digs.obj)' 또는 'C:\Users\soongsae\Desktop\TeamGG\3G\Server\TeamGGServer\Debug\ProudNetClient.pdb'에서 찾을 수 없습니다. 디버그 정보가 없는 것처럼 개체를 링크합니다.
TeamGGCommon.lib(bn_fast_s_mp_mul_digs.obj) : warning LNK4099: 'ProudNetClient.pdb' PDB를 'TeamGGCommon.lib(bn_fast_s_mp_mul_digs.obj)' 또는 'C:\Users\soongsae\Desktop\TeamGG\3G\Server\TeamGGServer\Debug\ProudNetClient.pdb'에서 찾을 수 없습니다. 디버그 정보가 없는 것처럼 개체를 링크합니다.
TeamGGCommon.lib(bn_fast_mp_montgomery_reduce.obj) : warning LNK4099: 'ProudNetClient.pdb' PDB를 'TeamGGCommon.lib(bn_fast_mp_montgomery_reduce.obj)' 또는 'C:\Users\soongsae\Desktop\TeamGG\3G\Server\TeamGGServer\Debug\ProudNetClient.pdb'에서 찾을 수 없습니다. 디버그 정보가 없는 것처럼 개체를 링크합니다.
TeamGGCommon.lib(bn_fast_mp_invmod.obj) : warning LNK4099: 'ProudNetClient.pdb' PDB를 'TeamGGCommon.lib(bn_fast_mp_invmod.obj)' 또는 'C:\Users\soongsae\Desktop\TeamGG\3G\Server\TeamGGServer\Debug\ProudNetClient.pdb'에서 찾을 수 없습니다. 디버그 정보가 없는 것처럼 개체를 링크합니다.
TeamGGCommon.lib(bncore.obj) : warning LNK4099: 'ProudNetClient.pdb' PDB를 'TeamGGCommon.lib(bncore.obj)' 또는 'C:\Users\soongsae\Desktop\TeamGG\3G\Server\TeamGGServer\Debug\ProudNetClient.pdb'에서 찾을 수 없습니다. 디버그 정보가 없는 것처럼 개체를 링크합니다.
TeamGGCommon.lib(rng_make_prng.obj) : warning LNK4099: 'ProudNetClient.pdb' PDB를 'TeamGGCommon.lib(rng_make_prng.obj)' 또는 'C:\Users\soongsae\Desktop\TeamGG\3G\Server\TeamGGServer\Debug\ProudNetClient.pdb'에서 찾을 수 없습니다. 디버그 정보가 없는 것처럼 개체를 링크합니다.
TeamGGCommon.lib(rng_get_bytes.obj) : warning LNK4099: 'ProudNetClient.pdb' PDB를 'TeamGGCommon.lib(rng_get_bytes.obj)' 또는 'C:\Users\soongsae\Desktop\TeamGG\3G\Server\TeamGGServer\Debug\ProudNetClient.pdb'에서 찾을 수 없습니다. 디버그 정보가 없는 것처럼 개체를 링크합니다.
TeamGGCommon.lib(fortuna.obj) : warning LNK4099: 'ProudNetClient.pdb' PDB를 'TeamGGCommon.lib(fortuna.obj)' 또는 'C:\Users\soongsae\Desktop\TeamGG\3G\Server\TeamGGServer\Debug\ProudNetClient.pdb'에서 찾을 수 없습니다. 디버그 정보가 없는 것처럼 개체를 링크합니다.
TeamGGCommon.lib(rsa_make_key.obj) : warning LNK4099: 'ProudNetClient.pdb' PDB를 'TeamGGCommon.lib(rsa_make_key.obj)' 또는 'C:\Users\soongsae\Desktop\TeamGG\3G\Server\TeamGGServer\Debug\ProudNetClient.pdb'에서 찾을 수 없습니다. 디버그 정보가 없는 것처럼 개체를 링크합니다.
TeamGGCommon.lib(rsa_import.obj) : warning LNK4099: 'ProudNetClient.pdb' PDB를 'TeamGGCommon.lib(rsa_import.obj)' 또는 'C:\Users\soongsae\Desktop\TeamGG\3G\Server\TeamGGServer\Debug\ProudNetClient.pdb'에서 찾을 수 없습니다. 디버그 정보가 없는 것처럼 개체를 링크합니다.
TeamGGCommon.lib(rsa_free.obj) : warning LNK4099: 'ProudNetClient.pdb' PDB를 'TeamGGCommon.lib(rsa_free.obj)' 또는 'C:\Users\soongsae\Desktop\TeamGG\3G\Server\TeamGGServer\Debug\ProudNetClient.pdb'에서 찾을 수 없습니다. 디버그 정보가 없는 것처럼 개체를 링크합니다.
TeamGGCommon.lib(rsa_exptmod.obj) : warning LNK4099: 'ProudNetClient.pdb' PDB를 'TeamGGCommon.lib(rsa_exptmod.obj)' 또는 'C:\Users\soongsae\Desktop\TeamGG\3G\Server\TeamGGServer\Debug\ProudNetClient.pdb'에서 찾을 수 없습니다. 디버그 정보가 없는 것처럼 개체를 링크합니다.
TeamGGCommon.lib(rsa_export.obj) : warning LNK4099: 'ProudNetClient.pdb' PDB를 'TeamGGCommon.lib(rsa_export.obj)' 또는 'C:\Users\soongsae\Desktop\TeamGG\3G\Server\TeamGGServer\Debug\ProudNetClient.pdb'에서 찾을 수 없습니다. 디버그 정보가 없는 것처럼 개체를 링크합니다.
TeamGGCommon.lib(rsa_encrypt_key.obj) : warning LNK4099: 'ProudNetClient.pdb' PDB를 'TeamGGCommon.lib(rsa_encrypt_key.obj)' 또는 'C:\Users\soongsae\Desktop\TeamGG\3G\Server\TeamGGServer\Debug\ProudNetClient.pdb'에서 찾을 수 없습니다. 디버그 정보가 없는 것처럼 개체를 링크합니다.
TeamGGCommon.lib(rsa_decrypt_key.obj) : warning LNK4099: 'ProudNetClient.pdb' PDB를 'TeamGGCommon.lib(rsa_decrypt_key.obj)' 또는 'C:\Users\soongsae\Desktop\TeamGG\3G\Server\TeamGGServer\Debug\ProudNetClient.pdb'에서 찾을 수 없습니다. 디버그 정보가 없는 것처럼 개체를 링크합니다.
TeamGGCommon.lib(pkcs_1_v1_5_encode.obj) : warning LNK4099: 'ProudNetClient.pdb' PDB를 'TeamGGCommon.lib(pkcs_1_v1_5_encode.obj)' 또는 'C:\Users\soongsae\Desktop\TeamGG\3G\Server\TeamGGServer\Debug\ProudNetClient.pdb'에서 찾을 수 없습니다. 디버그 정보가 없는 것처럼 개체를 링크합니다.
TeamGGCommon.lib(pkcs_1_v1_5_decode.obj) : warning LNK4099: 'ProudNetClient.pdb' PDB를 'TeamGGCommon.lib(pkcs_1_v1_5_decode.obj)' 또는 'C:\Users\soongsae\Desktop\TeamGG\3G\Server\TeamGGServer\Debug\ProudNetClient.pdb'에서 찾을 수 없습니다. 디버그 정보가 없는 것처럼 개체를 링크합니다.
TeamGGCommon.lib(pkcs_1_oaep_encode.obj) : warning LNK4099: 'ProudNetClient.pdb' PDB를 'TeamGGCommon.lib(pkcs_1_oaep_encode.obj)' 또는 'C:\Users\soongsae\Desktop\TeamGG\3G\Server\TeamGGServer\Debug\ProudNetClient.pdb'에서 찾을 수 없습니다. 디버그 정보가 없는 것처럼 개체를 링크합니다.
TeamGGCommon.lib(pkcs_1_oaep_decode.obj) : warning LNK4099: 'ProudNetClient.pdb' PDB를 'TeamGGCommon.lib(pkcs_1_oaep_decode.obj)' 또는 'C:\Users\soongsae\Desktop\TeamGG\3G\Server\TeamGGServer\Debug\ProudNetClient.pdb'에서 찾을 수 없습니다. 디버그 정보가 없는 것처럼 개체를 링크합니다.
TeamGGCommon.lib(pkcs_1_mgf1.obj) : warning LNK4099: 'ProudNetClient.pdb' PDB를 'TeamGGCommon.lib(pkcs_1_mgf1.obj)' 또는 'C:\Users\soongsae\Desktop\TeamGG\3G\Server\TeamGGServer\Debug\ProudNetClient.pdb'에서 찾을 수 없습니다. 디버그 정보가 없는 것처럼 개체를 링크합니다.
TeamGGCommon.lib(der_length_utf8_string.obj) : warning LNK4099: 'ProudNetClient.pdb' PDB를 'TeamGGCommon.lib(der_length_utf8_string.obj)' 또는 'C:\Users\soongsae\Desktop\TeamGG\3G\Server\TeamGGServer\Debug\ProudNetClient.pdb'에서 찾을 수 없습니다. 디버그 정보가 없는 것처럼 개체를 링크합니다.
TeamGGCommon.lib(der_encode_utf8_string.obj) : warning LNK4099: 'ProudNetClient.pdb' PDB를 'TeamGGCommon.lib(der_encode_utf8_string.obj)' 또는 'C:\Users\soongsae\Desktop\TeamGG\3G\Server\TeamGGServer\Debug\ProudNetClient.pdb'에서 찾을 수 없습니다. 디버그 정보가 없는 것처럼 개체를 링크합니다.
TeamGGCommon.lib(der_decode_utf8_string.obj) : warning LNK4099: 'ProudNetClient.pdb' PDB를 'TeamGGCommon.lib(der_decode_utf8_string.obj)' 또는 'C:\Users\soongsae\Desktop\TeamGG\3G\Server\TeamGGServer\Debug\ProudNetClient.pdb'에서 찾을 수 없습니다. 디버그 정보가 없는 것처럼 개체를 링크합니다.
TeamGGCommon.lib(der_length_utctime.obj) : warning LNK4099: 'ProudNetClient.pdb' PDB를 'TeamGGCommon.lib(der_length_utctime.obj)' 또는 'C:\Users\soongsae\Desktop\TeamGG\3G\Server\TeamGGServer\Debug\ProudNetClient.pdb'에서 찾을 수 없습니다. 디버그 정보가 없는 것처럼 개체를 링크합니다.
TeamGGCommon.lib(der_encode_utctime.obj) : warning LNK4099: 'ProudNetClient.pdb' PDB를 'TeamGGCommon.lib(der_encode_utctime.obj)' 또는 'C:\Users\soongsae\Desktop\TeamGG\3G\Server\TeamGGServer\Debug\ProudNetClient.pdb'에서 찾을 수 없습니다. 디버그 정보가 없는 것처럼 개체를 링크합니다.
TeamGGCommon.lib(der_decode_utctime.obj) : warning LNK4099: 'ProudNetClient.pdb' PDB를 'TeamGGCommon.lib(der_decode_utctime.obj)' 또는 'C:\Users\soongsae\Desktop\TeamGG\3G\Server\TeamGGServer\Debug\ProudNetClient.pdb'에서 찾을 수 없습니다. 디버그 정보가 없는 것처럼 개체를 링크합니다.
TeamGGCommon.lib(der_length_short_integer.obj) : warning LNK4099: 'ProudNetClient.pdb' PDB를 'TeamGGCommon.lib(der_length_short_integer.obj)' 또는 'C:\Users\soongsae\Desktop\TeamGG\3G\Server\TeamGGServer\Debug\ProudNetClient.pdb'에서 찾을 수 없습니다. 디버그 정보가 없는 것처럼 개체를 링크합니다.
TeamGGCommon.lib(der_encode_short_integer.obj) : warning LNK4099: 'ProudNetClient.pdb' PDB를 'TeamGGCommon.lib(der_encode_short_integer.obj)' 또는 'C:\Users\soongsae\Desktop\TeamGG\3G\Server\TeamGGServer\Debug\ProudNetClient.pdb'에서 찾을 수 없습니다. 디버그 정보가 없는 것처럼 개체를 링크합니다.
TeamGGCommon.lib(der_decode_short_integer.obj) : warning LNK4099: 'ProudNetClient.pdb' PDB를 'TeamGGCommon.lib(der_decode_short_integer.obj)' 또는 'C:\Users\soongsae\Desktop\TeamGG\3G\Server\TeamGGServer\Debug\ProudNetClient.pdb'에서 찾을 수 없습니다. 디버그 정보가 없는 것처럼 개체를 링크합니다.
TeamGGCommon.lib(der_encode_setof.obj) : warning LNK4099: 'ProudNetClient.pdb' PDB를 'TeamGGCommon.lib(der_encode_setof.obj)' 또는 'C:\Users\soongsae\Desktop\TeamGG\3G\Server\TeamGGServer\Debug\ProudNetClient.pdb'에서 찾을 수 없습니다. 디버그 정보가 없는 것처럼 개체를 링크합니다.
TeamGGCommon.lib(der_encode_set.obj) : warning LNK4099: 'ProudNetClient.pdb' PDB를 'TeamGGCommon.lib(der_encode_set.obj)' 또는 'C:\Users\soongsae\Desktop\TeamGG\3G\Server\TeamGGServer\Debug\ProudNetClient.pdb'에서 찾을 수 없습니다. 디버그 정보가 없는 것처럼 개체를 링크합니다.
TeamGGCommon.lib(der_length_sequence.obj) : warning LNK4099: 'ProudNetClient.pdb' PDB를 'TeamGGCommon.lib(der_length_sequence.obj)' 또는 'C:\Users\soongsae\Desktop\TeamGG\3G\Server\TeamGGServer\Debug\ProudNetClient.pdb'에서 찾을 수 없습니다. 디버그 정보가 없는 것처럼 개체를 링크합니다.
TeamGGCommon.lib(der_encode_sequence_multi.obj) : warning LNK4099: 'ProudNetClient.pdb' PDB를 'TeamGGCommon.lib(der_encode_sequence_multi.obj)' 또는 'C:\Users\soongsae\Desktop\TeamGG\3G\Server\TeamGGServer\Debug\ProudNetClient.pdb'에서 찾을 수 없습니다. 디버그 정보가 없는 것처럼 개체를 링크합니다.
TeamGGCommon.lib(der_encode_sequence_ex.obj) : warning LNK4099: 'ProudNetClient.pdb' PDB를 'TeamGGCommon.lib(der_encode_sequence_ex.obj)' 또는 'C:\Users\soongsae\Desktop\TeamGG\3G\Server\TeamGGServer\Debug\ProudNetClient.pdb'에서 찾을 수 없습니다. 디버그 정보가 없는 것처럼 개체를 링크합니다.
TeamGGCommon.lib(der_decode_sequence_multi.obj) : warning LNK4099: 'ProudNetClient.pdb' PDB를 'TeamGGCommon.lib(der_decode_sequence_multi.obj)' 또는 'C:\Users\soongsae\Desktop\TeamGG\3G\Server\TeamGGServer\Debug\ProudNetClient.pdb'에서 찾을 수 없습니다. 디버그 정보가 없는 것처럼 개체를 링크합니다.
TeamGGCommon.lib(der_decode_sequence_ex.obj) : warning LNK4099: 'ProudNetClient.pdb' PDB를 'TeamGGCommon.lib(der_decode_sequence_ex.obj)' 또는 'C:\Users\soongsae\Desktop\TeamGG\3G\Server\TeamGGServer\Debug\ProudNetClient.pdb'에서 찾을 수 없습니다. 디버그 정보가 없는 것처럼 개체를 링크합니다.
TeamGGCommon.lib(der_length_printable_string.obj) : warning LNK4099: 'ProudNetClient.pdb' PDB를 'TeamGGCommon.lib(der_length_printable_string.obj)' 또는 'C:\Users\soongsae\Desktop\TeamGG\3G\Server\TeamGGServer\Debug\ProudNetClient.pdb'에서 찾을 수 없습니다. 디버그 정보가 없는 것처럼 개체를 링크합니다.
TeamGGCommon.lib(der_encode_printable_string.obj) : warning LNK4099: 'ProudNetClient.pdb' PDB를 'TeamGGCommon.lib(der_encode_printable_string.obj)' 또는 'C:\Users\soongsae\Desktop\TeamGG\3G\Server\TeamGGServer\Debug\ProudNetClient.pdb'에서 찾을 수 없습니다. 디버그 정보가 없는 것처럼 개체를 링크합니다.
TeamGGCommon.lib(der_decode_printable_string.obj) : warning LNK4099: 'ProudNetClient.pdb' PDB를 'TeamGGCommon.lib(der_decode_printable_string.obj)' 또는 'C:\Users\soongsae\Desktop\TeamGG\3G\Server\TeamGGServer\Debug\ProudNetClient.pdb'에서 찾을 수 없습니다. 디버그 정보가 없는 것처럼 개체를 링크합니다.
TeamGGCommon.lib(der_length_octet_string.obj) : warning LNK4099: 'ProudNetClient.pdb' PDB를 'TeamGGCommon.lib(der_length_octet_string.obj)' 또는 'C:\Users\soongsae\Desktop\TeamGG\3G\Server\TeamGGServer\Debug\ProudNetClient.pdb'에서 찾을 수 없습니다. 디버그 정보가 없는 것처럼 개체를 링크합니다.
TeamGGCommon.lib(der_encode_octet_string.obj) : warning LNK4099: 'ProudNetClient.pdb' PDB를 'TeamGGCommon.lib(der_encode_octet_string.obj)' 또는 'C:\Users\soongsae\Desktop\TeamGG\3G\Server\TeamGGServer\Debug\ProudNetClient.pdb'에서 찾을 수 없습니다. 디버그 정보가 없는 것처럼 개체를 링크합니다.
TeamGGCommon.lib(der_decode_octet_string.obj) : warning LNK4099: 'ProudNetClient.pdb' PDB를 'TeamGGCommon.lib(der_decode_octet_string.obj)' 또는 'C:\Users\soongsae\Desktop\TeamGG\3G\Server\TeamGGServer\Debug\ProudNetClient.pdb'에서 찾을 수 없습니다. 디버그 정보가 없는 것처럼 개체를 링크합니다.
TeamGGCommon.lib(der_length_object_identifier.obj) : warning LNK4099: 'ProudNetClient.pdb' PDB를 'TeamGGCommon.lib(der_length_object_identifier.obj)' 또는 'C:\Users\soongsae\Desktop\TeamGG\3G\Server\TeamGGServer\Debug\ProudNetClient.pdb'에서 찾을 수 없습니다. 디버그 정보가 없는 것처럼 개체를 링크합니다.
TeamGGCommon.lib(der_encode_object_identifier.obj) : warning LNK4099: 'ProudNetClient.pdb' PDB를 'TeamGGCommon.lib(der_encode_object_identifier.obj)' 또는 'C:\Users\soongsae\Desktop\TeamGG\3G\Server\TeamGGServer\Debug\ProudNetClient.pdb'에서 찾을 수 없습니다. 디버그 정보가 없는 것처럼 개체를 링크합니다.
TeamGGCommon.lib(der_decode_object_identifier.obj) : warning LNK4099: 'ProudNetClient.pdb' PDB를 'TeamGGCommon.lib(der_decode_object_identifier.obj)' 또는 'C:\Users\soongsae\Desktop\TeamGG\3G\Server\TeamGGServer\Debug\ProudNetClient.pdb'에서 찾을 수 없습니다. 디버그 정보가 없는 것처럼 개체를 링크합니다.
TeamGGCommon.lib(der_length_integer.obj) : warning LNK4099: 'ProudNetClient.pdb' PDB를 'TeamGGCommon.lib(der_length_integer.obj)' 또는 'C:\Users\soongsae\Desktop\TeamGG\3G\Server\TeamGGServer\Debug\ProudNetClient.pdb'에서 찾을 수 없습니다. 디버그 정보가 없는 것처럼 개체를 링크합니다.
TeamGGCommon.lib(der_encode_integer.obj) : warning LNK4099: 'ProudNetClient.pdb' PDB를 'TeamGGCommon.lib(der_encode_integer.obj)' 또는 'C:\Users\soongsae\Desktop\TeamGG\3G\Server\TeamGGServer\Debug\ProudNetClient.pdb'에서 찾을 수 없습니다. 디버그 정보가 없는 것처럼 개체를 링크합니다.
TeamGGCommon.lib(der_decode_integer.obj) : warning LNK4099: 'ProudNetClient.pdb' PDB를 'TeamGGCommon.lib(der_decode_integer.obj)' 또는 'C:\Users\soongsae\Desktop\TeamGG\3G\Server\TeamGGServer\Debug\ProudNetClient.pdb'에서 찾을 수 없습니다. 디버그 정보가 없는 것처럼 개체를 링크합니다.
TeamGGCommon.lib(der_length_ia5_string.obj) : warning LNK4099: 'ProudNetClient.pdb' PDB를 'TeamGGCommon.lib(der_length_ia5_string.obj)' 또는 'C:\Users\soongsae\Desktop\TeamGG\3G\Server\TeamGGServer\Debug\ProudNetClient.pdb'에서 찾을 수 없습니다. 디버그 정보가 없는 것처럼 개체를 링크합니다.
TeamGGCommon.lib(der_encode_ia5_string.obj) : warning LNK4099: 'ProudNetClient.pdb' PDB를 'TeamGGCommon.lib(der_encode_ia5_string.obj)' 또는 'C:\Users\soongsae\Desktop\TeamGG\3G\Server\TeamGGServer\Debug\ProudNetClient.pdb'에서 찾을 수 없습니다. 디버그 정보가 없는 것처럼 개체를 링크합니다.
TeamGGCommon.lib(der_decode_ia5_string.obj) : warning LNK4099: 'ProudNetClient.pdb' PDB를 'TeamGGCommon.lib(der_decode_ia5_string.obj)' 또는 'C:\Users\soongsae\Desktop\TeamGG\3G\Server\TeamGGServer\Debug\ProudNetClient.pdb'에서 찾을 수 없습니다. 디버그 정보가 없는 것처럼 개체를 링크합니다.
TeamGGCommon.lib(der_decode_choice.obj) : warning LNK4099: 'ProudNetClient.pdb' PDB를 'TeamGGCommon.lib(der_decode_choice.obj)' 또는 'C:\Users\soongsae\Desktop\TeamGG\3G\Server\TeamGGServer\Debug\ProudNetClient.pdb'에서 찾을 수 없습니다. 디버그 정보가 없는 것처럼 개체를 링크합니다.
TeamGGCommon.lib(der_length_boolean.obj) : warning LNK4099: 'ProudNetClient.pdb' PDB를 'TeamGGCommon.lib(der_length_boolean.obj)' 또는 'C:\Users\soongsae\Desktop\TeamGG\3G\Server\TeamGGServer\Debug\ProudNetClient.pdb'에서 찾을 수 없습니다. 디버그 정보가 없는 것처럼 개체를 링크합니다.
TeamGGCommon.lib(der_encode_boolean.obj) : warning LNK4099: 'ProudNetClient.pdb' PDB를 'TeamGGCommon.lib(der_encode_boolean.obj)' 또는 'C:\Users\soongsae\Desktop\TeamGG\3G\Server\TeamGGServer\Debug\ProudNetClient.pdb'에서 찾을 수 없습니다. 디버그 정보가 없는 것처럼 개체를 링크합니다.
TeamGGCommon.lib(der_decode_boolean.obj) : warning LNK4099: 'ProudNetClient.pdb' PDB를 'TeamGGCommon.lib(der_decode_boolean.obj)' 또는 'C:\Users\soongsae\Desktop\TeamGG\3G\Server\TeamGGServer\Debug\ProudNetClient.pdb'에서 찾을 수 없습니다. 디버그 정보가 없는 것처럼 개체를 링크합니다.
TeamGGCommon.lib(der_length_bit_string.obj) : warning LNK4099: 'ProudNetClient.pdb' PDB를 'TeamGGCommon.lib(der_length_bit_string.obj)' 또는 'C:\Users\soongsae\Desktop\TeamGG\3G\Server\TeamGGServer\Debug\ProudNetClient.pdb'에서 찾을 수 없습니다. 디버그 정보가 없는 것처럼 개체를 링크합니다.
TeamGGCommon.lib(der_encode_bit_string.obj) : warning LNK4099: 'ProudNetClient.pdb' PDB를 'TeamGGCommon.lib(der_encode_bit_string.obj)' 또는 'C:\Users\soongsae\Desktop\TeamGG\3G\Server\TeamGGServer\Debug\ProudNetClient.pdb'에서 찾을 수 없습니다. 디버그 정보가 없는 것처럼 개체를 링크합니다.
TeamGGCommon.lib(der_decode_bit_string.obj) : warning LNK4099: 'ProudNetClient.pdb' PDB를 'TeamGGCommon.lib(der_decode_bit_string.obj)' 또는 'C:\Users\soongsae\Desktop\TeamGG\3G\Server\TeamGGServer\Debug\ProudNetClient.pdb'에서 찾을 수 없습니다. 디버그 정보가 없는 것처럼 개체를 링크합니다.
TeamGGCommon.lib(zeromem.obj) : warning LNK4099: 'ProudNetClient.pdb' PDB를 'TeamGGCommon.lib(zeromem.obj)' 또는 'C:\Users\soongsae\Desktop\TeamGG\3G\Server\TeamGGServer\Debug\ProudNetClient.pdb'에서 찾을 수 없습니다. 디버그 정보가 없는 것처럼 개체를 링크합니다.
TeamGGCommon.lib(crypt_register_prng.obj) : warning LNK4099: 'ProudNetClient.pdb' PDB를 'TeamGGCommon.lib(crypt_register_prng.obj)' 또는 'C:\Users\soongsae\Desktop\TeamGG\3G\Server\TeamGGServer\Debug\ProudNetClient.pdb'에서 찾을 수 없습니다. 디버그 정보가 없는 것처럼 개체를 링크합니다.
TeamGGCommon.lib(crypt_register_hash.obj) : warning LNK4099: 'ProudNetClient.pdb' PDB를 'TeamGGCommon.lib(crypt_register_hash.obj)' 또는 'C:\Users\soongsae\Desktop\TeamGG\3G\Server\TeamGGServer\Debug\ProudNetClient.pdb'에서 찾을 수 없습니다. 디버그 정보가 없는 것처럼 개체를 링크합니다.
TeamGGCommon.lib(crypt_prng_is_valid.obj) : warning LNK4099: 'ProudNetClient.pdb' PDB를 'TeamGGCommon.lib(crypt_prng_is_valid.obj)' 또는 'C:\Users\soongsae\Desktop\TeamGG\3G\Server\TeamGGServer\Debug\ProudNetClient.pdb'에서 찾을 수 없습니다. 디버그 정보가 없는 것처럼 개체를 링크합니다.
TeamGGCommon.lib(crypt_prng_descriptor.obj) : warning LNK4099: 'ProudNetClient.pdb' PDB를 'TeamGGCommon.lib(crypt_prng_descriptor.obj)' 또는 'C:\Users\soongsae\Desktop\TeamGG\3G\Server\TeamGGServer\Debug\ProudNetClient.pdb'에서 찾을 수 없습니다. 디버그 정보가 없는 것처럼 개체를 링크합니다.
TeamGGCommon.lib(crypt_hash_is_valid.obj) : warning LNK4099: 'ProudNetClient.pdb' PDB를 'TeamGGCommon.lib(crypt_hash_is_valid.obj)' 또는 'C:\Users\soongsae\Desktop\TeamGG\3G\Server\TeamGGServer\Debug\ProudNetClient.pdb'에서 찾을 수 없습니다. 디버그 정보가 없는 것처럼 개체를 링크합니다.
TeamGGCommon.lib(crypt_hash_descriptor.obj) : warning LNK4099: 'ProudNetClient.pdb' PDB를 'TeamGGCommon.lib(crypt_hash_descriptor.obj)' 또는 'C:\Users\soongsae\Desktop\TeamGG\3G\Server\TeamGGServer\Debug\ProudNetClient.pdb'에서 찾을 수 없습니다. 디버그 정보가 없는 것처럼 개체를 링크합니다.
TeamGGCommon.lib(crypt_find_prng.obj) : warning LNK4099: 'ProudNetClient.pdb' PDB를 'TeamGGCommon.lib(crypt_find_prng.obj)' 또는 'C:\Users\soongsae\Desktop\TeamGG\3G\Server\TeamGGServer\Debug\ProudNetClient.pdb'에서 찾을 수 없습니다. 디버그 정보가 없는 것처럼 개체를 링크합니다.
TeamGGCommon.lib(crypt_find_hash.obj) : warning LNK4099: 'ProudNetClient.pdb' PDB를 'TeamGGCommon.lib(crypt_find_hash.obj)' 또는 'C:\Users\soongsae\Desktop\TeamGG\3G\Server\TeamGGServer\Debug\ProudNetClient.pdb'에서 찾을 수 없습니다. 디버그 정보가 없는 것처럼 개체를 링크합니다.
TeamGGCommon.lib(crypt_cipher_descriptor.obj) : warning LNK4099: 'ProudNetClient.pdb' PDB를 'TeamGGCommon.lib(crypt_cipher_descriptor.obj)' 또는 'C:\Users\soongsae\Desktop\TeamGG\3G\Server\TeamGGServer\Debug\ProudNetClient.pdb'에서 찾을 수 없습니다. 디버그 정보가 없는 것처럼 개체를 링크합니다.
TeamGGCommon.lib(base64_encode.obj) : warning LNK4099: 'ProudNetClient.pdb' PDB를 'TeamGGCommon.lib(base64_encode.obj)' 또는 'C:\Users\soongsae\Desktop\TeamGG\3G\Server\TeamGGServer\Debug\ProudNetClient.pdb'에서 찾을 수 없습니다. 디버그 정보가 없는 것처럼 개체를 링크합니다.
TeamGGCommon.lib(base64_decode.obj) : warning LNK4099: 'ProudNetClient.pdb' PDB를 'TeamGGCommon.lib(base64_decode.obj)' 또는 'C:\Users\soongsae\Desktop\TeamGG\3G\Server\TeamGGServer\Debug\ProudNetClient.pdb'에서 찾을 수 없습니다. 디버그 정보가 없는 것처럼 개체를 링크합니다.
TeamGGCommon.lib(rand_prime.obj) : warning LNK4099: 'ProudNetClient.pdb' PDB를 'TeamGGCommon.lib(rand_prime.obj)' 또는 'C:\Users\soongsae\Desktop\TeamGG\3G\Server\TeamGGServer\Debug\ProudNetClient.pdb'에서 찾을 수 없습니다. 디버그 정보가 없는 것처럼 개체를 링크합니다.
TeamGGCommon.lib(multi.obj) : warning LNK4099: 'ProudNetClient.pdb' PDB를 'TeamGGCommon.lib(multi.obj)' 또는 'C:\Users\soongsae\Desktop\TeamGG\3G\Server\TeamGGServer\Debug\ProudNetClient.pdb'에서 찾을 수 없습니다. 디버그 정보가 없는 것처럼 개체를 링크합니다.
TeamGGCommon.lib(ltm_desc.obj) : warning LNK4099: 'ProudNetClient.pdb' PDB를 'TeamGGCommon.lib(ltm_desc.obj)' 또는 'C:\Users\soongsae\Desktop\TeamGG\3G\Server\TeamGGServer\Debug\ProudNetClient.pdb'에서 찾을 수 없습니다. 디버그 정보가 없는 것처럼 개체를 링크합니다.
TeamGGCommon.lib(sha256.obj) : warning LNK4099: 'ProudNetClient.pdb' PDB를 'TeamGGCommon.lib(sha256.obj)' 또는 'C:\Users\soongsae\Desktop\TeamGG\3G\Server\TeamGGServer\Debug\ProudNetClient.pdb'에서 찾을 수 없습니다. 디버그 정보가 없는 것처럼 개체를 링크합니다.
TeamGGCommon.lib(sha1.obj) : warning LNK4099: 'ProudNetClient.pdb' PDB를 'TeamGGCommon.lib(sha1.obj)' 또는 'C:\Users\soongsae\Desktop\TeamGG\3G\Server\TeamGGServer\Debug\ProudNetClient.pdb'에서 찾을 수 없습니다. 디버그 정보가 없는 것처럼 개체를 링크합니다.
TeamGGCommon.lib(hash_memory.obj) : warning LNK4099: 'ProudNetClient.pdb' PDB를 'TeamGGCommon.lib(hash_memory.obj)' 또는 'C:\Users\soongsae\Desktop\TeamGG\3G\Server\TeamGGServer\Debug\ProudNetClient.pdb'에서 찾을 수 없습니다. 디버그 정보가 없는 것처럼 개체를 링크합니다.
TeamGGCommon.lib(aes.obj) : warning LNK4099: 'ProudNetClient.pdb' PDB를 'TeamGGCommon.lib(aes.obj)' 또는 'C:\Users\soongsae\Desktop\TeamGG\3G\Server\TeamGGServer\Debug\ProudNetClient.pdb'에서 찾을 수 없습니다. 디버그 정보가 없는 것처럼 개체를 링크합니다.
TeamGGCommon.lib(localcharset.obj) : warning LNK4099: 'ProudNetClient.pdb' PDB를 'TeamGGCommon.lib(localcharset.obj)' 또는 'C:\Users\soongsae\Desktop\TeamGG\3G\Server\TeamGGServer\Debug\ProudNetClient.pdb'에서 찾을 수 없습니다. 디버그 정보가 없는 것처럼 개체를 링크합니다.
TeamGGCommon.lib(iconv.obj) : warning LNK4099: 'ProudNetClient.pdb' PDB를 'TeamGGCommon.lib(iconv.obj)' 또는 'C:\Users\soongsae\Desktop\TeamGG\3G\Server\TeamGGServer\Debug\ProudNetClient.pdb'에서 찾을 수 없습니다. 디버그 정보가 없는 것처럼 개체를 링크합니다.
  TeamGGServer.vcxproj -> C:\Users\soongsae\Desktop\TeamGG\3G\Server\TeamGGServer\Debug\TeamGGServer.exe
